<?xml version="1.0" encoding="UTF-8"?>
<testsuite xmlns:xsi="http://www.w3.org/2001/XMLSchema-instance" xsi:noNamespaceSchemaLocation="https://maven.apache.org/surefire/maven-surefire-plugin/xsd/surefire-test-report-3.0.xsd" version="3.0" name="fr.univavignon.pokedex.api.IPokemonTrainerFactoryTest" time="0.144" tests="1" errors="0" skipped="0" failures="0">
  <properties>
    <property name="awt.toolkit" value="sun.awt.X11.XToolkit"/>
    <property name="java.specification.version" value="11"/>
    <property name="sun.cpu.isalist" value=""/>
    <property name="sun.jnu.encoding" value="UTF-8"/>
    <property name="java.class.path" value="/home/circleci/project/target/test-classes:/home/circleci/project/target/classes:/home/circleci/.m2/repository/org/mockito/mockito-core/5.14.1/mockito-core-5.14.1.jar:/home/circleci/.m2/repository/net/bytebuddy/byte-buddy/1.15.3/byte-buddy-1.15.3.jar:/home/circleci/.m2/repository/net/bytebuddy/byte-buddy-agent/1.15.3/byte-buddy-agent-1.15.3.jar:/home/circleci/.m2/repository/org/objenesis/objenesis/3.3/objenesis-3.3.jar:/home/circleci/.m2/repository/junit/junit/4.13.2/junit-4.13.2.jar:/home/circleci/.m2/repository/org/hamcrest/hamcrest-core/1.3/hamcrest-core-1.3.jar:/home/circleci/.m2/repository/org/junit/jupiter/junit-jupiter/5.11.4/junit-jupiter-5.11.4.jar:/home/circleci/.m2/repository/org/junit/jupiter/junit-jupiter-api/5.11.4/junit-jupiter-api-5.11.4.jar:/home/circleci/.m2/repository/org/opentest4j/opentest4j/1.3.0/opentest4j-1.3.0.jar:/home/circleci/.m2/repository/org/junit/platform/junit-platform-commons/1.11.4/junit-platform-commons-1.11.4.jar:/home/circleci/.m2/repository/org/apiguardian/apiguardian-api/1.1.2/apiguardian-api-1.1.2.jar:/home/circleci/.m2/repository/org/junit/jupiter/junit-jupiter-params/5.11.4/junit-jupiter-params-5.11.4.jar:/home/circleci/.m2/repository/org/junit/jupiter/junit-jupiter-engine/5.11.4/junit-jupiter-engine-5.11.4.jar:/home/circleci/.m2/repository/org/junit/platform/junit-platform-engine/1.11.4/junit-platform-engine-1.11.4.jar:/home/circleci/.m2/repository/org/apache/commons/commons-collections4/4.0/commons-collections4-4.0.jar:"/>
    <property name="java.vm.vendor" value="Eclipse Adoptium"/>
    <property name="sun.arch.data.model" value="64"/>
    <property name="java.vendor.url" value="https://adoptium.net/"/>
    <property name="user.timezone" value="Etc/UTC"/>
    <property name="java.vm.specification.version" value="11"/>
    <property name="os.name" value="Linux"/>
    <property name="sun.java.launcher" value="SUN_STANDARD"/>
    <property name="user.country" value="US"/>
    <property name="sun.boot.library.path" value="/usr/local/jdk-11.0.25/lib"/>
    <property name="sun.java.command" value="/home/circleci/project/target/surefire/surefirebooter-20241219085508610_3.jar /home/circleci/project/target/surefire 2024-12-19T08-55-08_250-jvmRun1 surefire-20241219085508610_1tmp surefire_0-20241219085508610_2tmp"/>
    <property name="jdk.debug" value="release"/>
    <property name="surefire.test.class.path" value="/home/circleci/project/target/test-classes:/home/circleci/project/target/classes:/home/circleci/.m2/repository/org/mockito/mockito-core/5.14.1/mockito-core-5.14.1.jar:/home/circleci/.m2/repository/net/bytebuddy/byte-buddy/1.15.3/byte-buddy-1.15.3.jar:/home/circleci/.m2/repository/net/bytebuddy/byte-buddy-agent/1.15.3/byte-buddy-agent-1.15.3.jar:/home/circleci/.m2/repository/org/objenesis/objenesis/3.3/objenesis-3.3.jar:/home/circleci/.m2/repository/junit/junit/4.13.2/junit-4.13.2.jar:/home/circleci/.m2/repository/org/hamcrest/hamcrest-core/1.3/hamcrest-core-1.3.jar:/home/circleci/.m2/repository/org/junit/jupiter/junit-jupiter/5.11.4/junit-jupiter-5.11.4.jar:/home/circleci/.m2/repository/org/junit/jupiter/junit-jupiter-api/5.11.4/junit-jupiter-api-5.11.4.jar:/home/circleci/.m2/repository/org/opentest4j/opentest4j/1.3.0/opentest4j-1.3.0.jar:/home/circleci/.m2/repository/org/junit/platform/junit-platform-commons/1.11.4/junit-platform-commons-1.11.4.jar:/home/circleci/.m2/repository/org/apiguardian/apiguardian-api/1.1.2/apiguardian-api-1.1.2.jar:/home/circleci/.m2/repository/org/junit/jupiter/junit-jupiter-params/5.11.4/junit-jupiter-params-5.11.4.jar:/home/circleci/.m2/repository/org/junit/jupiter/junit-jupiter-engine/5.11.4/junit-jupiter-engine-5.11.4.jar:/home/circleci/.m2/repository/org/junit/platform/junit-platform-engine/1.11.4/junit-platform-engine-1.11.4.jar:/home/circleci/.m2/repository/org/apache/commons/commons-collections4/4.0/commons-collections4-4.0.jar:"/>
    <property name="sun.cpu.endian" value="little"/>
    <property name="user.home" value="/home/circleci"/>
    <property name="user.language" value="en"/>
    <property name="java.specification.vendor" value="Oracle Corporation"/>
    <property name="java.version.date" value="2024-10-15"/>
    <property name="java.home" value="/usr/local/jdk-11.0.25"/>
    <property name="file.separator" value="/"/>
    <property name="basedir" value="/home/circleci/project"/>
    <property name="java.vm.compressedOopsMode" value="32-bit"/>
    <property name="line.separator" value="&#10;"/>
    <property name="java.specification.name" value="Java Platform API Specification"/>
    <property name="java.vm.specification.vendor" value="Oracle Corporation"/>
    <property name="java.awt.graphicsenv" value="sun.awt.X11GraphicsEnvironment"/>
    <property name="surefire.real.class.path" value="/home/circleci/project/target/surefire/surefirebooter-20241219085508610_3.jar"/>
    <property name="sun.management.compiler" value="HotSpot 64-Bit Tiered Compilers"/>
    <property name="java.runtime.version" value="11.0.25+9"/>
    <property name="user.name" value="circleci"/>
    <property name="path.separator" value=":"/>
    <property name="os.version" value="6.8.0-1020-aws"/>
    <property name="java.runtime.name" value="OpenJDK Runtime Environment"/>
    <property name="file.encoding" value="UTF-8"/>
    <property name="java.vm.name" value="OpenJDK 64-Bit Server VM"/>
    <property name="java.vendor.version" value="Temurin-11.0.25+9"/>
    <property name="localRepository" value="/home/circleci/.m2/repository"/>
    <property name="java.vendor.url.bug" value="https://github.com/adoptium/adoptium-support/issues"/>
    <property name="java.io.tmpdir" value="/tmp"/>
    <property name="java.version" value="11.0.25"/>
    <property name="user.dir" value="/home/circleci/project"/>
    <property name="os.arch" value="amd64"/>
    <property name="java.vm.specification.name" value="Java Virtual Machine Specification"/>
    <property name="java.awt.printerjob" value="sun.print.PSPrinterJob"/>
    <property name="sun.os.patch.level" value="unknown"/>
    <property name="java.library.path" value="/usr/java/packages/lib:/usr/lib64:/lib64:/lib:/usr/lib"/>
    <property name="java.vm.info" value="mixed mode"/>
    <property name="java.vendor" value="Eclipse Adoptium"/>
    <property name="java.vm.version" value="11.0.25+9"/>
    <property name="java.specification.maintenance.version" value="3"/>
    <property name="sun.io.unicode.encoding" value="UnicodeLittle"/>
    <property name="java.class.version" value="55.0"/>
  </properties>
  <testcase name="testCreateTrainer" classname="fr.univavignon.pokedex.api.IPokemonTrainerFactoryTest" time="0.142"/>
</testsuite>